<?xml version="1.0" encoding="UTF-8"?>
<testng-results skipped="0" failed="1" total="4" passed="3">
  <reporter-output>
  </reporter-output>
  <suite name="Default suite" duration-ms="25935" started-at="2017-10-12T22:09:13Z" finished-at="2017-10-12T22:09:39Z">
    <groups>
    </groups>
    <test name="Default test" duration-ms="25935" started-at="2017-10-12T22:09:13Z" finished-at="2017-10-12T22:09:39Z">
      <class name="com.mindspark.automation.automation.AutomationPractice">
        <test-method status="PASS" signature="begin()[pri:0, instance:com.mindspark.automation.automation.AutomationPractice@51efea79]" name="begin" is-config="true" duration-ms="7519" started-at="2017-10-12T15:09:13Z" finished-at="2017-10-12T15:09:21Z">
          <reporter-output>
          </reporter-output>
        </test-method> <!-- begin -->
        <test-method status="FAIL" signature="CartTest4()[pri:0, instance:com.mindspark.automation.automation.AutomationPractice@51efea79]" name="CartTest4" duration-ms="3179" started-at="2017-10-12T15:09:21Z" finished-at="2017-10-12T15:09:24Z">
          <exception class="org.openqa.selenium.ElementNotInteractableException">
            <message>
              <![CDATA[
Build info: version: '3.6.0', revision: '6fbf3ec767', time: '2017-09-27T15:28:36.4Z'
System info: host: 'MS017', ip: '10.10.13.154', os.name: 'Windows 10', os.arch: 'amd64', os.version: '10.0', java.version: '1.8.0_144'
Driver info: org.openqa.selenium.firefox.FirefoxDriver
Capabilities [{moz:profile=C:\Users\Jason\AppData\Local\Temp\rust_mozprofile.itEQEbPsS8EO, rotatable=false, timeouts={implicit=0, pageLoad=300000, script=30000}, pageLoadStrategy=normal, platform=XP, specificationLevel=0, moz:accessibilityChecks=false, acceptInsecureCerts=true, browserVersion=54.0.1, platformVersion=10.0, moz:processID=10172, browserName=firefox, javascriptEnabled=true, platformName=XP}]
Session ID: fe010b73-2240-40a8-b9c9-0a8a30f87a21]]>
            </message>
            <full-stacktrace>
              <![CDATA[org.openqa.selenium.ElementNotInteractableException: 
Build info: version: '3.6.0', revision: '6fbf3ec767', time: '2017-09-27T15:28:36.4Z'
System info: host: 'MS017', ip: '10.10.13.154', os.name: 'Windows 10', os.arch: 'amd64', os.version: '10.0', java.version: '1.8.0_144'
Driver info: org.openqa.selenium.firefox.FirefoxDriver
Capabilities [{moz:profile=C:\Users\Jason\AppData\Local\Temp\rust_mozprofile.itEQEbPsS8EO, rotatable=false, timeouts={implicit=0, pageLoad=300000, script=30000}, pageLoadStrategy=normal, platform=XP, specificationLevel=0, moz:accessibilityChecks=false, acceptInsecureCerts=true, browserVersion=54.0.1, platformVersion=10.0, moz:processID=10172, browserName=firefox, javascriptEnabled=true, platformName=XP}]
Session ID: fe010b73-2240-40a8-b9c9-0a8a30f87a21
	at sun.reflect.NativeConstructorAccessorImpl.newInstance0(Native Method)
	at sun.reflect.NativeConstructorAccessorImpl.newInstance(NativeConstructorAccessorImpl.java:62)
	at sun.reflect.DelegatingConstructorAccessorImpl.newInstance(DelegatingConstructorAccessorImpl.java:45)
	at java.lang.reflect.Constructor.newInstance(Constructor.java:423)
	at org.openqa.selenium.remote.http.W3CHttpResponseCodec.createException(W3CHttpResponseCodec.java:185)
	at org.openqa.selenium.remote.http.W3CHttpResponseCodec.decode(W3CHttpResponseCodec.java:120)
	at org.openqa.selenium.remote.http.W3CHttpResponseCodec.decode(W3CHttpResponseCodec.java:49)
	at org.openqa.selenium.remote.HttpCommandExecutor.execute(HttpCommandExecutor.java:164)
	at org.openqa.selenium.remote.service.DriverCommandExecutor.execute(DriverCommandExecutor.java:83)
	at org.openqa.selenium.remote.RemoteWebDriver.execute(RemoteWebDriver.java:586)
	at org.openqa.selenium.remote.RemoteWebElement.execute(RemoteWebElement.java:279)
	at org.openqa.selenium.remote.RemoteWebElement.click(RemoteWebElement.java:83)
	at com.mindspark.automation.automation.AutomationPractice.CartTest4(AutomationPractice.java:73)
	at sun.reflect.NativeMethodAccessorImpl.invoke0(Native Method)
	at sun.reflect.NativeMethodAccessorImpl.invoke(NativeMethodAccessorImpl.java:62)
	at sun.reflect.DelegatingMethodAccessorImpl.invoke(DelegatingMethodAccessorImpl.java:43)
	at java.lang.reflect.Method.invoke(Method.java:498)
	at org.testng.internal.MethodInvocationHelper.invokeMethod(MethodInvocationHelper.java:80)
	at org.testng.internal.Invoker.invokeMethod(Invoker.java:714)
	at org.testng.internal.Invoker.invokeTestMethod(Invoker.java:901)
	at org.testng.internal.Invoker.invokeTestMethods(Invoker.java:1231)
	at org.testng.internal.TestMethodWorker.invokeTestMethods(TestMethodWorker.java:127)
	at org.testng.internal.TestMethodWorker.run(TestMethodWorker.java:111)
	at org.testng.TestRunner.privateRun(TestRunner.java:767)
	at org.testng.TestRunner.run(TestRunner.java:617)
	at org.testng.SuiteRunner.runTest(SuiteRunner.java:334)
	at org.testng.SuiteRunner.runSequentially(SuiteRunner.java:329)
	at org.testng.SuiteRunner.privateRun(SuiteRunner.java:291)
	at org.testng.SuiteRunner.run(SuiteRunner.java:240)
	at org.testng.SuiteRunnerWorker.runSuite(SuiteRunnerWorker.java:52)
	at org.testng.SuiteRunnerWorker.run(SuiteRunnerWorker.java:86)
	at org.testng.TestNG.runSuitesSequentially(TestNG.java:1198)
	at org.testng.TestNG.runSuitesLocally(TestNG.java:1123)
	at org.testng.TestNG.run(TestNG.java:1031)
	at org.testng.remote.AbstractRemoteTestNG.run(AbstractRemoteTestNG.java:114)
	at org.testng.remote.RemoteTestNG.initAndRun(RemoteTestNG.java:251)
	at org.testng.remote.RemoteTestNG.main(RemoteTestNG.java:77)
]]>
            </full-stacktrace>
          </exception> <!-- org.openqa.selenium.ElementNotInteractableException -->
          <reporter-output>
          </reporter-output>
        </test-method> <!-- CartTest4 -->
        <test-method status="PASS" signature="RegisterTest2()[pri:0, instance:com.mindspark.automation.automation.AutomationPractice@51efea79]" name="RegisterTest2" duration-ms="5386" started-at="2017-10-12T15:09:24Z" finished-at="2017-10-12T15:09:29Z">
          <reporter-output>
          </reporter-output>
        </test-method> <!-- RegisterTest2 -->
        <test-method status="PASS" signature="SearchTest3()[pri:0, instance:com.mindspark.automation.automation.AutomationPractice@51efea79]" name="SearchTest3" duration-ms="3861" started-at="2017-10-12T15:09:29Z" finished-at="2017-10-12T15:09:33Z">
          <reporter-output>
          </reporter-output>
        </test-method> <!-- SearchTest3 -->
        <test-method status="PASS" signature="SignOnTest1()[pri:0, instance:com.mindspark.automation.automation.AutomationPractice@51efea79]" name="SignOnTest1" duration-ms="4613" started-at="2017-10-12T15:09:33Z" finished-at="2017-10-12T15:09:38Z">
          <reporter-output>
          </reporter-output>
        </test-method> <!-- SignOnTest1 -->
        <test-method status="PASS" signature="teardown()[pri:0, instance:com.mindspark.automation.automation.AutomationPractice@51efea79]" name="teardown" is-config="true" duration-ms="1329" started-at="2017-10-12T15:09:38Z" finished-at="2017-10-12T15:09:39Z">
          <reporter-output>
          </reporter-output>
        </test-method> <!-- teardown -->
      </class> <!-- com.mindspark.automation.automation.AutomationPractice -->
    </test> <!-- Default test -->
  </suite> <!-- Default suite -->
</testng-results>
